<?xml version="1.0" encoding="UTF-8"?>
<testng-results ignored="0" total="4" passed="4" failed="0" skipped="0">
  <reporter-output>
  </reporter-output>
  <suite started-at="2025-05-12T10:42:44 IST" name="ParallelSuite" finished-at="2025-05-12T10:42:53 IST" duration-ms="9327">
    <groups>
    </groups>
    <test started-at="2025-05-12T10:42:44 IST" name="ParallelTests" finished-at="2025-05-12T10:42:53 IST" duration-ms="9327">
      <class name="paralleltesting.Testcases">
        <test-method is-config="true" signature="beforeTest()[pri:0, instance:paralleltesting.Testcases@38d8f54a]" started-at="2025-05-12T10:42:44 IST" name="beforeTest" finished-at="2025-05-12T10:42:47 IST" duration-ms="2825" status="PASS">
          <reporter-output>
          </reporter-output>
        </test-method> <!-- beforeTest -->
        <test-method signature="openFacebook()[pri:0, instance:paralleltesting.Testcases@38d8f54a]" started-at="2025-05-12T10:42:47 IST" name="openFacebook" finished-at="2025-05-12T10:42:49 IST" duration-ms="2393" status="PASS">
          <reporter-output>
          </reporter-output>
        </test-method> <!-- openFacebook -->
        <test-method signature="openFlipkart()[pri:0, instance:paralleltesting.Testcases@38d8f54a]" started-at="2025-05-12T10:42:47 IST" name="openFlipkart" finished-at="2025-05-12T10:42:49 IST" duration-ms="2401" status="PASS">
          <reporter-output>
          </reporter-output>
        </test-method> <!-- openFlipkart -->
        <test-method signature="openGoogle()[pri:0, instance:paralleltesting.Testcases@38d8f54a]" started-at="2025-05-12T10:42:49 IST" name="openGoogle" finished-at="2025-05-12T10:42:53 IST" duration-ms="3580" status="PASS">
          <reporter-output>
          </reporter-output>
        </test-method> <!-- openGoogle -->
        <test-method signature="openTwitter()[pri:0, instance:paralleltesting.Testcases@38d8f54a]" started-at="2025-05-12T10:42:49 IST" name="openTwitter" finished-at="2025-05-12T10:42:53 IST" duration-ms="3662" status="PASS">
          <reporter-output>
          </reporter-output>
        </test-method> <!-- openTwitter -->
        <test-method is-config="true" signature="afterTest()[pri:0, instance:paralleltesting.Testcases@38d8f54a]" started-at="2025-05-12T10:42:53 IST" name="afterTest" finished-at="2025-05-12T10:42:53 IST" duration-ms="397" status="PASS">
          <reporter-output>
          </reporter-output>
        </test-method> <!-- afterTest -->
      </class> <!-- paralleltesting.Testcases -->
    </test> <!-- ParallelTests -->
  </suite> <!-- ParallelSuite -->
</testng-results>
